
[INFO ] 2025-11-06 06:30:31 [main] (Swag_Lab_Login_StepDef.java:19) - Enter the User Name
[INFO ] 2025-11-06 06:30:31 [main] (Swag_Lab_Login_StepDef.java:23) - Enter the User Name
[INFO ] 2025-11-06 06:30:32 [main] (Swag_Lab_Login_StepDef.java:31) - Enter the User Name
[INFO ] 2025-11-06 06:31:57 [main] (Swag_Lab_Login_StepDef.java:19) - Enter the User Name
[INFO ] 2025-11-06 06:31:58 [main] (Swag_Lab_Login_StepDef.java:23) - Enter the User Name
[INFO ] 2025-11-06 06:31:59 [main] (Swag_Lab_Login_StepDef.java:31) - Enter the User Name
[INFO ] 2025-11-06 07:25:26 [main] (Swag_Lab_Login_StepDef.java:23) - Enter the User Name
[INFO ] 2025-11-06 07:25:27 [main] (Swag_Lab_Login_StepDef.java:27) - Enter the User Name
[INFO ] 2025-11-06 07:25:27 [main] (Swag_Lab_Login_StepDef.java:35) - Enter the User Name
[INFO ] 2025-11-06 07:26:49 [main] (Swag_Lab_Login_StepDef.java:23) - Enter the User Name
[INFO ] 2025-11-06 07:26:50 [main] (Swag_Lab_Login_StepDef.java:27) - Enter the User Name
[INFO ] 2025-11-06 07:26:50 [main] (Swag_Lab_Login_StepDef.java:35) - Enter the User Name
[INFO ] 2025-11-06 07:32:40 [main] (Swag_Lab_Login_StepDef.java:20) - Enter the User Name
[INFO ] 2025-11-06 07:32:41 [main] (Swag_Lab_Login_StepDef.java:24) - Enter the User Name
[INFO ] 2025-11-06 07:32:41 [main] (Swag_Lab_Login_StepDef.java:32) - Enter the User Name
[INFO ] 2025-11-06 07:35:16 [main] (Swag_Lab_Login_StepDef.java:20) - Enter the User Name
[INFO ] 2025-11-06 07:35:16 [main] (Swag_Lab_Login_StepDef.java:24) - Enter the User Name
[INFO ] 2025-11-06 07:35:17 [main] (Swag_Lab_Login_StepDef.java:32) - Enter the User Name
[INFO ] 2025-11-06 07:39:22 [main] (Swag_Lab_Login_StepDef.java:20) - Enter the User Name
[INFO ] 2025-11-06 07:39:23 [main] (Swag_Lab_Login_StepDef.java:24) - Enter the User Name
[INFO ] 2025-11-06 07:41:15 [main] (Swag_Lab_Login_StepDef.java:20) - Enter the User Name
[INFO ] 2025-11-06 07:41:16 [main] (Swag_Lab_Login_StepDef.java:24) - Enter the User Name
[INFO ] 2025-11-06 07:41:16 [main] (Swag_Lab_Login_StepDef.java:32) - Enter the User Name
[INFO ] 2025-11-06 07:41:57 [main] (Swag_Lab_Login_StepDef.java:20) - Enter the User Name
[INFO ] 2025-11-06 07:41:58 [main] (Swag_Lab_Login_StepDef.java:24) - Enter the User Name
[INFO ] 2025-11-06 07:41:59 [main] (Swag_Lab_Login_StepDef.java:32) - Enter the User Name
[INFO ] 2025-11-06 07:44:13 [main] (Swag_Lab_Login_StepDef.java:20) - Enter the User Name
[INFO ] 2025-11-06 07:44:14 [main] (Swag_Lab_Login_StepDef.java:24) - Enter the User Name
[INFO ] 2025-11-06 07:44:15 [main] (Swag_Lab_Login_StepDef.java:32) - Enter the User Name
[INFO ] 2025-11-06 08:07:25 [main] (Swag_Lab_Login_StepDef.java:20) - Enter the User Name
[INFO ] 2025-11-06 08:07:25 [main] (Swag_Lab_Login_StepDef.java:24) - Enter the User Name
[INFO ] 2025-11-06 08:07:26 [main] (Swag_Lab_Login_StepDef.java:32) - Enter the User Name
[INFO ] 2025-11-06 08:07:27 [main] (Swag_Lab_Add_Products.java:28) - Click on Add to Cart
[INFO ] 2025-11-06 08:11:27 [main] (Swag_Lab_Login_StepDef.java:20) - Enter the User Name
[INFO ] 2025-11-06 08:11:27 [main] (Swag_Lab_Login_StepDef.java:24) - Enter the User Name
[INFO ] 2025-11-06 08:11:28 [main] (Swag_Lab_Login_StepDef.java:32) - Enter the User Name
[INFO ] 2025-11-06 08:11:28 [main] (Swag_Lab_Add_Products.java:28) - Click on Add to Cart
[INFO ] 2025-11-06 08:17:43 [main] (Swag_Lab_Login_StepDef.java:20) - Enter the User Name
[INFO ] 2025-11-06 08:17:44 [main] (Swag_Lab_Login_StepDef.java:24) - Enter the User Name
[INFO ] 2025-11-06 08:17:44 [main] (Swag_Lab_Login_StepDef.java:32) - Enter the User Name
[INFO ] 2025-11-06 08:17:45 [main] (Swag_Lab_Add_Products.java:28) - Click on Add to product
[INFO ] 2025-11-06 08:17:46 [main] (Swag_Lab_Add_Products.java:35) - Click on Cart
[INFO ] 2025-11-06 08:20:12 [main] (Swag_Lab_Login_StepDef.java:20) - Enter the User Name
[INFO ] 2025-11-06 08:20:12 [main] (Swag_Lab_Login_StepDef.java:24) - Enter the User Name
[INFO ] 2025-11-06 08:20:13 [main] (Swag_Lab_Login_StepDef.java:32) - Enter the User Name
[INFO ] 2025-11-06 08:20:13 [main] (Swag_Lab_Add_Products.java:28) - Click on Add to product
[INFO ] 2025-11-06 08:20:14 [main] (Swag_Lab_Add_Products.java:35) - Click on Cart
[INFO ] 2025-11-06 08:20:15 [main] (Swag_Lab_Add_Products.java:43) - Click on Cart
[INFO ] 2025-11-06 08:32:36 [main] (Swag_Lab_Login_StepDef.java:20) - Enter the User Name
[INFO ] 2025-11-06 08:32:37 [main] (Swag_Lab_Login_StepDef.java:24) - Enter the User Name
[INFO ] 2025-11-06 08:32:37 [main] (Swag_Lab_Login_StepDef.java:32) - Enter the User Name
[INFO ] 2025-11-06 08:32:38 [main] (Swag_Lab_Add_Products.java:28) - Click on Add to product
[INFO ] 2025-11-06 08:32:38 [main] (Swag_Lab_Add_Products.java:35) - Click on Cart
[INFO ] 2025-11-06 08:32:39 [main] (Swag_Lab_Add_Products.java:43) - Click on Cart
[INFO ] 2025-11-06 08:32:40 [main] (Swag_Lab_Add_Products.java:50) - Enter Customer First Name
[INFO ] 2025-11-06 08:32:40 [main] (Swag_Lab_Add_Products.java:54) - Enter Customer Last Name
[INFO ] 2025-11-06 08:32:41 [main] (Swag_Lab_Add_Products.java:58) - Enter Customer Zip PinCode
[INFO ] 2025-11-06 08:32:41 [main] (Swag_Lab_Add_Products.java:65) - Click on Continue Button
[INFO ] 2025-11-06 08:32:42 [main] (Swag_Lab_Add_Products.java:72) - Click on Finish Button
[INFO ] 2025-11-06 10:43:53 [main] (Swag_Lab_Login_StepDef.java:20) - Enter the User Name
[INFO ] 2025-11-06 10:43:54 [main] (Swag_Lab_Login_StepDef.java:24) - Enter the User Name
[INFO ] 2025-11-06 10:43:54 [main] (Swag_Lab_Login_StepDef.java:32) - Enter the User Name
[INFO ] 2025-11-06 10:43:55 [main] (Swag_Lab_Add_Products.java:28) - Click on Add to product
[INFO ] 2025-11-06 10:43:56 [main] (Swag_Lab_Add_Products.java:35) - Click on Cart
[INFO ] 2025-11-06 10:43:56 [main] (Swag_Lab_Add_Products.java:43) - Click on Cart
[INFO ] 2025-11-06 10:43:57 [main] (Swag_Lab_Add_Products.java:50) - Enter Customer First Name
[INFO ] 2025-11-06 10:43:57 [main] (Swag_Lab_Add_Products.java:54) - Enter Customer Last Name
[INFO ] 2025-11-06 10:43:58 [main] (Swag_Lab_Add_Products.java:58) - Enter Customer Zip PinCode
[INFO ] 2025-11-06 10:43:59 [main] (Swag_Lab_Add_Products.java:65) - Click on Continue Button
[INFO ] 2025-11-06 10:43:59 [main] (Swag_Lab_Add_Products.java:72) - Click on Finish Button
[INFO ] 2025-11-06 11:08:51 [main] (Swag_Lab_Login_StepDef.java:20) - Enter the User Name
[INFO ] 2025-11-06 11:08:52 [main] (Swag_Lab_Login_StepDef.java:24) - Enter the User Name
[INFO ] 2025-11-06 11:08:52 [main] (Swag_Lab_Login_StepDef.java:32) - Enter the User Name
[INFO ] 2025-11-06 11:08:53 [main] (Swag_Lab_Add_Products.java:28) - Click on Add to product
[INFO ] 2025-11-06 11:08:53 [main] (Swag_Lab_Add_Products.java:35) - Click on Cart
[INFO ] 2025-11-06 11:08:54 [main] (Swag_Lab_Add_Products.java:43) - Click on Cart
[INFO ] 2025-11-06 11:08:55 [main] (Swag_Lab_Add_Products.java:50) - Enter Customer First Name
[INFO ] 2025-11-06 11:08:55 [main] (Swag_Lab_Add_Products.java:54) - Enter Customer Last Name
[INFO ] 2025-11-06 11:08:56 [main] (Swag_Lab_Add_Products.java:58) - Enter Customer Zip PinCode
[INFO ] 2025-11-06 11:08:57 [main] (Swag_Lab_Add_Products.java:65) - Click on Continue Button
[INFO ] 2025-11-06 11:08:57 [main] (Swag_Lab_Add_Products.java:72) - Click on Finish Button
[INFO ] 2025-11-06 11:56:47 [main] (Swag_Lab_Login_StepDef.java:20) - Enter the User Name
[INFO ] 2025-11-06 11:56:48 [main] (Swag_Lab_Login_StepDef.java:24) - Enter the User Name
[INFO ] 2025-11-06 11:56:49 [main] (Swag_Lab_Login_StepDef.java:32) - Enter the User Name
[INFO ] 2025-11-06 11:56:49 [main] (Swag_Lab_Add_Products.java:33) - Click on Add to product
[INFO ] 2025-11-06 11:56:50 [main] (Swag_Lab_Add_Products.java:40) - Click on Cart
[INFO ] 2025-11-06 11:56:50 [main] (Swag_Lab_Add_Products.java:49) - Click on Cart
[INFO ] 2025-11-06 12:05:00 [main] (Swag_Lab_Login_StepDef.java:20) - Enter the User Name
[INFO ] 2025-11-06 12:05:00 [main] (Swag_Lab_Login_StepDef.java:24) - Enter the User Name
[INFO ] 2025-11-06 12:05:01 [main] (Swag_Lab_Login_StepDef.java:32) - Enter the User Name
[INFO ] 2025-11-06 12:05:02 [main] (Swag_Lab_Add_Products.java:33) - Click on Add to product
[INFO ] 2025-11-06 12:05:02 [main] (Swag_Lab_Add_Products.java:40) - Click on Cart
[INFO ] 2025-11-06 12:05:03 [main] (Swag_Lab_Add_Products.java:49) - Click on Cart
[INFO ] 2025-11-06 12:14:53 [main] (Swag_Lab_Login_StepDef.java:20) - Enter the User Name
[INFO ] 2025-11-06 12:14:54 [main] (Swag_Lab_Login_StepDef.java:24) - Enter the User Name
[INFO ] 2025-11-06 12:14:54 [main] (Swag_Lab_Login_StepDef.java:32) - Enter the User Name
[INFO ] 2025-11-06 12:14:55 [main] (Swag_Lab_Add_Products.java:33) - Click on Add to product
[INFO ] 2025-11-06 12:14:56 [main] (Swag_Lab_Add_Products.java:40) - Click on Cart
[INFO ] 2025-11-06 12:14:56 [main] (Swag_Lab_Add_Products.java:49) - Click on Cart
[INFO ] 2025-11-06 12:26:04 [main] (Swag_Lab_Login_StepDef.java:20) - Enter the User Name
[INFO ] 2025-11-06 12:26:04 [main] (Swag_Lab_Login_StepDef.java:24) - Enter the User Name
[INFO ] 2025-11-06 12:26:05 [main] (Swag_Lab_Login_StepDef.java:32) - Enter the User Name
[INFO ] 2025-11-06 12:26:05 [main] (Swag_Lab_Add_Products.java:33) - Click on Add to product
[INFO ] 2025-11-06 12:26:06 [main] (Swag_Lab_Add_Products.java:40) - Click on Cart
[INFO ] 2025-11-06 12:26:07 [main] (Swag_Lab_Add_Products.java:49) - Click on Cart
[INFO ] 2025-11-06 12:27:14 [main] (Swag_Lab_Login_StepDef.java:20) - Enter the User Name
[INFO ] 2025-11-06 12:27:15 [main] (Swag_Lab_Login_StepDef.java:24) - Enter the User Name
[INFO ] 2025-11-06 12:27:15 [main] (Swag_Lab_Login_StepDef.java:32) - Enter the User Name
[INFO ] 2025-11-06 12:27:16 [main] (Swag_Lab_Add_Products.java:33) - Click on Add to product
[INFO ] 2025-11-06 12:27:16 [main] (Swag_Lab_Add_Products.java:40) - Click on Cart
[INFO ] 2025-11-06 12:27:17 [main] (Swag_Lab_Add_Products.java:49) - Click on Cart
[INFO ] 2025-11-06 12:30:34 [main] (Swag_Lab_Login_StepDef.java:20) - Enter the User Name
[INFO ] 2025-11-06 12:30:35 [main] (Swag_Lab_Login_StepDef.java:24) - Enter the User Name
[INFO ] 2025-11-06 12:30:35 [main] (Swag_Lab_Login_StepDef.java:32) - Enter the User Name
[INFO ] 2025-11-06 12:30:36 [main] (Swag_Lab_Add_Products.java:33) - Click on Add to product
[INFO ] 2025-11-06 12:30:37 [main] (Swag_Lab_Add_Products.java:40) - Click on Cart
[INFO ] 2025-11-06 12:30:37 [main] (Swag_Lab_Add_Products.java:49) - Click on Cart
[INFO ] 2025-11-06 12:30:40 [main] (Swag_Lab_Add_Products.java:73) - Enter Customer Details
[INFO ] 2025-11-06 12:30:41 [main] (Swag_Lab_Add_Products.java:93) - Click on Continue Button
[INFO ] 2025-11-06 12:30:42 [main] (Swag_Lab_Add_Products.java:100) - Click on Finish Button
[INFO ] 2025-11-06 12:32:36 [main] (Swag_Lab_Login_StepDef.java:20) - Enter the User Name
[INFO ] 2025-11-06 12:32:37 [main] (Swag_Lab_Login_StepDef.java:24) - Enter the User Name
[INFO ] 2025-11-06 12:32:37 [main] (Swag_Lab_Login_StepDef.java:32) - Enter the User Name
[INFO ] 2025-11-06 12:32:38 [main] (Swag_Lab_Add_Products.java:33) - Click on Add to product
[INFO ] 2025-11-06 12:32:39 [main] (Swag_Lab_Add_Products.java:40) - Click on Cart
[INFO ] 2025-11-06 12:32:39 [main] (Swag_Lab_Add_Products.java:49) - Click on Cart
[INFO ] 2025-11-06 12:32:42 [main] (Swag_Lab_Add_Products.java:73) - Enter Customer Details
[INFO ] 2025-11-06 12:32:43 [main] (Swag_Lab_Add_Products.java:93) - Click on Continue Button
[INFO ] 2025-11-06 12:32:44 [main] (Swag_Lab_Add_Products.java:100) - Click on Finish Button
[INFO ] 2025-11-06 12:33:14 [main] (Swag_Lab_Login_StepDef.java:20) - Enter the User Name
[INFO ] 2025-11-06 12:33:14 [main] (Swag_Lab_Login_StepDef.java:24) - Enter the User Name
[INFO ] 2025-11-06 12:33:15 [main] (Swag_Lab_Login_StepDef.java:32) - Enter the User Name
[INFO ] 2025-11-06 12:33:16 [main] (Swag_Lab_Add_Products.java:33) - Click on Add to product
[INFO ] 2025-11-06 12:33:16 [main] (Swag_Lab_Add_Products.java:40) - Click on Cart
[INFO ] 2025-11-06 12:33:17 [main] (Swag_Lab_Add_Products.java:49) - Click on Cart
[INFO ] 2025-11-06 12:33:19 [main] (Swag_Lab_Add_Products.java:73) - Enter Customer Details
[INFO ] 2025-11-06 12:33:20 [main] (Swag_Lab_Add_Products.java:93) - Click on Continue Button
[INFO ] 2025-11-06 12:33:20 [main] (Swag_Lab_Add_Products.java:100) - Click on Finish Button
[INFO ] 2025-11-06 13:55:42 [main] (Swag_Lab_Login_StepDef.java:20) - Enter the User Name
[INFO ] 2025-11-06 13:55:43 [main] (Swag_Lab_Login_StepDef.java:24) - Enter the User Name
[INFO ] 2025-11-06 13:55:43 [main] (Swag_Lab_Login_StepDef.java:32) - Enter the User Name
[INFO ] 2025-11-06 13:55:44 [main] (Swag_Lab_Add_Products.java:33) - Click on Add to product
[INFO ] 2025-11-06 13:55:44 [main] (Swag_Lab_Add_Products.java:40) - Click on Cart
[INFO ] 2025-11-06 13:55:45 [main] (Swag_Lab_Add_Products.java:49) - Click on Cart
[INFO ] 2025-11-06 13:55:49 [main] (Swag_Lab_Add_Products.java:73) - Enter Customer Details
[INFO ] 2025-11-06 13:55:49 [main] (Swag_Lab_Add_Products.java:93) - Click on Continue Button
[INFO ] 2025-11-06 13:55:50 [main] (Swag_Lab_Add_Products.java:100) - Click on Finish Button
[INFO ] 2025-11-06 13:59:01 [main] (Swag_Lab_Login_StepDef.java:20) - Enter the User Name
[INFO ] 2025-11-06 13:59:02 [main] (Swag_Lab_Login_StepDef.java:24) - Enter the User Name
[INFO ] 2025-11-06 13:59:02 [main] (Swag_Lab_Login_StepDef.java:32) - Enter the User Name
[INFO ] 2025-11-06 13:59:03 [main] (Swag_Lab_Add_Products.java:33) - Click on Add to product
[INFO ] 2025-11-06 13:59:04 [main] (Swag_Lab_Add_Products.java:40) - Click on Cart
[INFO ] 2025-11-06 13:59:04 [main] (Swag_Lab_Add_Products.java:49) - Click on Cart
[INFO ] 2025-11-06 13:59:07 [main] (Swag_Lab_Add_Products.java:73) - Enter Customer Details
[INFO ] 2025-11-06 13:59:08 [main] (Swag_Lab_Add_Products.java:93) - Click on Continue Button
[INFO ] 2025-11-06 13:59:08 [main] (Swag_Lab_Add_Products.java:100) - Click on Finish Button
[INFO ] 2025-11-06 14:00:08 [main] (Swag_Lab_Login_StepDef.java:20) - Enter the User Name
[INFO ] 2025-11-06 14:00:09 [main] (Swag_Lab_Login_StepDef.java:24) - Enter the User Name
[INFO ] 2025-11-06 14:00:10 [main] (Swag_Lab_Login_StepDef.java:32) - Enter the User Name
[INFO ] 2025-11-06 14:00:10 [main] (Swag_Lab_Add_Products.java:33) - Click on Add to product
[INFO ] 2025-11-06 14:00:11 [main] (Swag_Lab_Add_Products.java:40) - Click on Cart
[INFO ] 2025-11-06 14:00:11 [main] (Swag_Lab_Add_Products.java:49) - Click on Cart
[INFO ] 2025-11-06 14:00:14 [main] (Swag_Lab_Add_Products.java:73) - Enter Customer Details
[INFO ] 2025-11-06 14:00:15 [main] (Swag_Lab_Add_Products.java:93) - Click on Continue Button
[INFO ] 2025-11-06 14:00:16 [main] (Swag_Lab_Add_Products.java:100) - Click on Finish Button
[INFO ] 2025-11-06 14:05:40 [main] (Swag_Lab_Login_StepDef.java:20) - Enter the User Name
[INFO ] 2025-11-06 14:05:41 [main] (Swag_Lab_Login_StepDef.java:24) - Enter the User Name
[INFO ] 2025-11-06 14:05:42 [main] (Swag_Lab_Login_StepDef.java:32) - Enter the User Name
[INFO ] 2025-11-06 14:05:42 [main] (Swag_Lab_Add_Products.java:33) - Click on Add to product
[INFO ] 2025-11-06 14:05:43 [main] (Swag_Lab_Add_Products.java:40) - Click on Cart
[INFO ] 2025-11-06 14:05:43 [main] (Swag_Lab_Add_Products.java:49) - Click on Cart
[INFO ] 2025-11-06 14:05:47 [main] (Swag_Lab_Add_Products.java:73) - Enter Customer Details
[INFO ] 2025-11-06 14:05:47 [main] (Swag_Lab_Add_Products.java:93) - Click on Continue Button
[INFO ] 2025-11-06 14:05:48 [main] (Swag_Lab_Add_Products.java:100) - Click on Finish Button
[INFO ] 2025-11-06 14:05:49 [main] (Swag_Lab_Add_Products.java:107) - Click on Home Button
[INFO ] 2025-11-07 06:50:16 [main] (Swag_Lab_Login_StepDef.java:20) - Enter the User Name
[INFO ] 2025-11-07 06:50:16 [main] (Swag_Lab_Login_StepDef.java:24) - Enter the User Name
[INFO ] 2025-11-07 06:50:17 [main] (Swag_Lab_Login_StepDef.java:32) - Enter the User Name
[INFO ] 2025-11-07 06:50:18 [main] (Swag_Lab_Add_Products.java:33) - Click on Add to product
[INFO ] 2025-11-07 06:50:18 [main] (Swag_Lab_Add_Products.java:40) - Click on Cart
[INFO ] 2025-11-07 06:50:19 [main] (Swag_Lab_Add_Products.java:49) - Click on Cart
[INFO ] 2025-11-07 06:50:23 [main] (Swag_Lab_Add_Products.java:73) - Enter Customer Details
[INFO ] 2025-11-07 06:50:24 [main] (Swag_Lab_Add_Products.java:93) - Click on Continue Button
[INFO ] 2025-11-07 06:50:24 [main] (Swag_Lab_Add_Products.java:100) - Click on Finish Button
[INFO ] 2025-11-07 06:50:25 [main] (Swag_Lab_Add_Products.java:107) - Click on Home Button
[INFO ] 2025-11-07 07:40:00 [main] (Swag_Lab_Login_StepDef.java:20) - Enter the User Name
[INFO ] 2025-11-07 07:40:00 [main] (Swag_Lab_Login_StepDef.java:24) - Enter the User Name
[INFO ] 2025-11-07 07:40:01 [main] (Swag_Lab_Login_StepDef.java:32) - Enter the User Name
[INFO ] 2025-11-07 07:40:02 [main] (Swag_Lab_Add_Products.java:33) - Click on Add to product
[INFO ] 2025-11-07 07:40:02 [main] (Swag_Lab_Add_Products.java:40) - Click on Cart
[INFO ] 2025-11-07 07:40:03 [main] (Swag_Lab_Add_Products.java:49) - Click on Cart
[INFO ] 2025-11-07 07:40:10 [main] (Swag_Lab_Add_Products.java:73) - Enter Customer Details
[INFO ] 2025-11-07 07:40:11 [main] (Swag_Lab_Add_Products.java:93) - Click on Continue Button
[INFO ] 2025-11-07 07:40:12 [main] (Swag_Lab_Add_Products.java:100) - Click on Finish Button
[INFO ] 2025-11-07 12:51:52 [main] (Swag_Lab_Login_StepDef.java:25) - Enter the User Name
[INFO ] 2025-11-07 12:51:53 [main] (Swag_Lab_Login_StepDef.java:29) - Enter the User Name
[INFO ] 2025-11-07 12:51:53 [main] (Swag_Lab_Login_StepDef.java:37) - Enter the User Name
[INFO ] 2025-11-07 12:51:54 [main] (Swag_Lab_Add_Products.java:39) - Click on Add to product
[INFO ] 2025-11-07 12:51:55 [main] (Swag_Lab_Add_Products.java:46) - Click on Cart
[INFO ] 2025-11-07 12:51:55 [main] (Swag_Lab_Add_Products.java:55) - Click on Cart
[INFO ] 2025-11-07 12:51:59 [main] (Swag_Lab_Add_Products.java:79) - Enter Customer Details
[INFO ] 2025-11-07 12:52:00 [main] (Swag_Lab_Add_Products.java:99) - Click on Continue Button
[INFO ] 2025-11-07 12:52:01 [main] (Swag_Lab_Add_Products.java:106) - Click on Finish Button
[INFO ] 2025-11-07 13:02:25 [main] (Swag_Lab_Login_StepDef.java:25) - Enter the User Name
[INFO ] 2025-11-07 13:02:26 [main] (Swag_Lab_Login_StepDef.java:29) - Enter the User Name
[INFO ] 2025-11-07 13:02:27 [main] (Swag_Lab_Login_StepDef.java:37) - Enter the User Name
[INFO ] 2025-11-07 13:02:27 [main] (Swag_Lab_Add_Products.java:39) - Click on Add to product
[INFO ] 2025-11-07 13:02:28 [main] (Swag_Lab_Add_Products.java:46) - Click on Cart
[INFO ] 2025-11-07 13:02:28 [main] (Swag_Lab_Add_Products.java:55) - Click on Cart
[INFO ] 2025-11-07 13:02:32 [main] (Swag_Lab_Add_Products.java:79) - Enter Customer Details
[INFO ] 2025-11-07 13:02:33 [main] (Swag_Lab_Add_Products.java:99) - Click on Continue Button
[INFO ] 2025-11-07 13:02:34 [main] (Swag_Lab_Add_Products.java:106) - Click on Finish Button
[INFO ] 2025-11-11 06:46:53 [main] (Swag_Lab_Login_StepDef.java:25) - Enter the User Name
[INFO ] 2025-11-11 06:46:53 [main] (Swag_Lab_Login_StepDef.java:29) - Enter the User Name
[INFO ] 2025-11-11 06:46:54 [main] (Swag_Lab_Login_StepDef.java:37) - Enter the User Name
[INFO ] 2025-11-11 06:46:55 [main] (Swag_Lab_Add_Products.java:39) - Click on Add to product
[INFO ] 2025-11-11 06:46:55 [main] (Swag_Lab_Add_Products.java:46) - Click on Cart
[INFO ] 2025-11-11 06:46:56 [main] (Swag_Lab_Add_Products.java:55) - Click on Cart
[INFO ] 2025-11-11 06:47:00 [main] (Swag_Lab_Add_Products.java:79) - Enter Customer Details
[INFO ] 2025-11-11 06:47:00 [main] (Swag_Lab_Add_Products.java:99) - Click on Continue Button
[INFO ] 2025-11-11 06:47:01 [main] (Swag_Lab_Add_Products.java:106) - Click on Finish Button
[INFO ] 2025-11-14 16:07:12 [main] (Swag_Lab_Login_StepDef.java:25) - Enter the User Name
[INFO ] 2025-11-14 16:07:12 [main] (Swag_Lab_Login_StepDef.java:29) - Enter the User Name
[INFO ] 2025-11-14 16:07:13 [main] (Swag_Lab_Login_StepDef.java:37) - Enter the User Name
[INFO ] 2025-11-14 16:07:13 [main] (Swag_Lab_Add_Products.java:39) - Click on Add to product
[INFO ] 2025-11-14 16:07:14 [main] (Swag_Lab_Add_Products.java:46) - Click on Cart
[INFO ] 2025-11-14 16:07:15 [main] (Swag_Lab_Add_Products.java:55) - Click on Cart
[INFO ] 2025-11-14 16:07:18 [main] (Swag_Lab_Add_Products.java:79) - Enter Customer Details
[INFO ] 2025-11-14 16:07:18 [main] (Swag_Lab_Add_Products.java:99) - Click on Continue Button
[INFO ] 2025-11-14 16:07:19 [main] (Swag_Lab_Add_Products.java:106) - Click on Finish Button
[INFO ] 2025-11-14 16:45:03 [main] (Swag_Lab_Login_StepDef.java:25) - Enter the User Name
[INFO ] 2025-11-14 16:45:04 [main] (Swag_Lab_Login_StepDef.java:29) - Enter the User Name
[INFO ] 2025-11-14 16:45:04 [main] (Swag_Lab_Login_StepDef.java:37) - Enter the User Name
[INFO ] 2025-11-14 16:45:05 [main] (Swag_Lab_Add_Products.java:39) - Click on Add to product
[INFO ] 2025-11-14 16:45:06 [main] (Swag_Lab_Add_Products.java:46) - Click on Cart
[INFO ] 2025-11-14 16:45:06 [main] (Swag_Lab_Add_Products.java:55) - Click on Cart
[INFO ] 2025-11-14 16:45:09 [main] (Swag_Lab_Add_Products.java:79) - Enter Customer Details
[INFO ] 2025-11-14 16:45:10 [main] (Swag_Lab_Add_Products.java:99) - Click on Continue Button
[INFO ] 2025-11-14 16:45:10 [main] (Swag_Lab_Add_Products.java:106) - Click on Finish Button
[INFO ] 2025-11-14 17:19:54 [main] (Swag_Lab_Login_StepDef.java:25) - Enter the User Name
[INFO ] 2025-11-14 17:19:55 [main] (Swag_Lab_Login_StepDef.java:29) - Enter the User Name
[INFO ] 2025-11-14 17:19:55 [main] (Swag_Lab_Login_StepDef.java:37) - Enter the User Name
[INFO ] 2025-11-14 17:19:56 [main] (Swag_Lab_Add_Products.java:39) - Click on Add to product
[INFO ] 2025-11-14 17:19:57 [main] (Swag_Lab_Add_Products.java:46) - Click on Cart
[INFO ] 2025-11-14 17:19:57 [main] (Swag_Lab_Add_Products.java:55) - Click on Cart
[INFO ] 2025-11-14 17:20:00 [main] (Swag_Lab_Add_Products.java:79) - Enter Customer Details
[INFO ] 2025-11-14 17:20:01 [main] (Swag_Lab_Add_Products.java:99) - Click on Continue Button
[INFO ] 2025-11-14 17:20:01 [main] (Swag_Lab_Add_Products.java:106) - Click on Finish Button
[INFO ] 2025-11-17 11:32:49 [main] (Swag_Lab_Login_StepDef.java:25) - Enter the User Name
[INFO ] 2025-11-17 11:32:49 [main] (Swag_Lab_Login_StepDef.java:29) - Enter the User Name
[INFO ] 2025-11-17 11:32:50 [main] (Swag_Lab_Login_StepDef.java:37) - Enter the User Name
[INFO ] 2025-11-17 11:32:51 [main] (Swag_Lab_Add_Products.java:39) - Click on Add to product
[INFO ] 2025-11-17 11:32:51 [main] (Swag_Lab_Add_Products.java:46) - Click on Cart
[INFO ] 2025-11-17 11:32:52 [main] (Swag_Lab_Add_Products.java:55) - Click on Cart
[INFO ] 2025-11-17 11:32:56 [main] (Swag_Lab_Add_Products.java:79) - Enter Customer Details
[INFO ] 2025-11-17 11:32:56 [main] (Swag_Lab_Add_Products.java:99) - Click on Continue Button
[INFO ] 2025-11-17 11:32:57 [main] (Swag_Lab_Add_Products.java:106) - Click on Finish Button
[INFO ] 2025-11-17 11:32:57 [main] (Swag_Lab_Add_Products.java:113) - Click on Home Button
